  Source.cpp
C:\Users\icat\Desktop\Projected AR - CS4624\ProjectedAR-CS4624\CalibrationCamera\Source.cpp(52,24): warning C4244: 'initializing': conversion from '__int64' to 'int', possible loss of data
C:\Users\icat\Desktop\Projected AR - CS4624\ProjectedAR-CS4624\CalibrationCamera\Source.cpp(53,24): warning C4244: 'initializing': conversion from '__int64' to 'int', possible loss of data
C:\Users\icat\Desktop\Projected AR - CS4624\ProjectedAR-CS4624\CalibrationCamera\Source.cpp(54,25): warning C4244: 'initializing': conversion from '__int64' to 'int', possible loss of data
C:\Users\icat\Desktop\Projected AR - CS4624\ProjectedAR-CS4624\CalibrationCamera\Source.cpp(253,23): warning C4244: 'initializing': conversion from '__int64' to 'int', possible loss of data
C:\Users\icat\Desktop\Projected AR - CS4624\ProjectedAR-CS4624\CalibrationCamera\Source.cpp(254,23): warning C4244: 'initializing': conversion from '__int64' to 'int', possible loss of data
C:\Users\icat\Desktop\Projected AR - CS4624\ProjectedAR-CS4624\CalibrationCamera\Source.cpp(275,25): warning C4244: 'initializing': conversion from '__int64' to 'int', possible loss of data
C:\Users\icat\Desktop\Projected AR - CS4624\ProjectedAR-CS4624\CalibrationCamera\Source.cpp(419,23): warning C4244: 'initializing': conversion from '__int64' to 'int', possible loss of data
C:\Users\icat\Desktop\Projected AR - CS4624\ProjectedAR-CS4624\CalibrationCamera\Source.cpp(420,23): warning C4244: 'initializing': conversion from '__int64' to 'int', possible loss of data
C:\Users\icat\Desktop\Projected AR - CS4624\ProjectedAR-CS4624\CalibrationCamera\Source.cpp(421,24): warning C4244: 'initializing': conversion from '__int64' to 'int', possible loss of data
C:\Users\icat\Desktop\Projected AR - CS4624\ProjectedAR-CS4624\CalibrationCamera\Source.cpp(463,23): warning C4244: 'initializing': conversion from '__int64' to 'int', possible loss of data
C:\Users\icat\Desktop\Projected AR - CS4624\ProjectedAR-CS4624\CalibrationCamera\Source.cpp(464,23): warning C4244: 'initializing': conversion from '__int64' to 'int', possible loss of data
C:\Users\icat\Desktop\Projected AR - CS4624\ProjectedAR-CS4624\CalibrationCamera\Source.cpp(465,24): warning C4244: 'initializing': conversion from '__int64' to 'int', possible loss of data
C:\Users\icat\Desktop\Projected AR - CS4624\ProjectedAR-CS4624\CalibrationCamera\Source.cpp(503,23): warning C4244: 'initializing': conversion from '__int64' to 'int', possible loss of data
C:\Users\icat\Desktop\Projected AR - CS4624\ProjectedAR-CS4624\CalibrationCamera\Source.cpp(504,23): warning C4244: 'initializing': conversion from '__int64' to 'int', possible loss of data
C:\Users\icat\Desktop\Projected AR - CS4624\ProjectedAR-CS4624\CalibrationCamera\Source.cpp(505,24): warning C4244: 'initializing': conversion from '__int64' to 'int', possible loss of data
C:\Users\icat\Desktop\Projected AR - CS4624\ProjectedAR-CS4624\CalibrationCamera\Source.cpp(549,23): warning C4244: 'initializing': conversion from '__int64' to 'int', possible loss of data
C:\Users\icat\Desktop\Projected AR - CS4624\ProjectedAR-CS4624\CalibrationCamera\Source.cpp(550,23): warning C4244: 'initializing': conversion from '__int64' to 'int', possible loss of data
C:\Users\icat\Desktop\Projected AR - CS4624\ProjectedAR-CS4624\CalibrationCamera\Source.cpp(551,24): warning C4244: 'initializing': conversion from '__int64' to 'int', possible loss of data
C:\Users\icat\Desktop\Projected AR - CS4624\ProjectedAR-CS4624\CalibrationCamera\Source.cpp(588,23): warning C4244: 'initializing': conversion from '__int64' to 'int', possible loss of data
C:\Users\icat\Desktop\Projected AR - CS4624\ProjectedAR-CS4624\CalibrationCamera\Source.cpp(589,23): warning C4244: 'initializing': conversion from '__int64' to 'int', possible loss of data
C:\Users\icat\Desktop\Projected AR - CS4624\ProjectedAR-CS4624\CalibrationCamera\Source.cpp(590,24): warning C4244: 'initializing': conversion from '__int64' to 'int', possible loss of data
     Creating library C:\Users\icat\Desktop\Projected AR - CS4624\ProjectedAR-CS4624\CalibrationCamera\x64\Release\CalibrationCamera.lib and object C:\Users\icat\Desktop\Projected AR - CS4624\ProjectedAR-CS4624\CalibrationCamera\x64\Release\CalibrationCamera.exp
  Generating code
  0 of 274 functions ( 0.0%) were compiled, the rest were copied from previous compilation.
    0 functions were new in current compilation
    9 functions had inline decision re-evaluated but remain unchanged
  Finished generating code
  CalibrationCamera.vcxproj -> C:\Users\icat\Desktop\Projected AR - CS4624\ProjectedAR-CS4624\CalibrationCamera\x64\Release\CalibrationCamera.dll
